# JRE version: OpenJDK Runtime Environment Microsoft-11913453 (11.0.28+6) (build 11.0.28+6-LTS)
# Java VM: OpenJDK 64-Bit Server VM Microsoft-11913453 (11.0.28+6-LTS, mixed mode, tiered, compressed oops, g1 gc, bsd-aarch64)
Heap:
 garbage-first heap   total 262144K, used 126113K [0x00000006c0000000, 0x00000007c0000000)
  region size 1024K, 120 young (122880K), 1 survivors (1024K)
 Metaspace       used 19663K, capacity 20219K, committed 20608K, reserved 1067008K
  class space    used 2111K, capacity 2335K, committed 2432K, reserved 1048576K
GC Heap History (6 events):
Event: 1.415 GC heap before
{Heap before GC invocations=0 (full 0):
 garbage-first heap   total 262144K, used 23552K [0x00000006c0000000, 0x00000007c0000000)
  region size 1024K, 24 young (24576K), 0 survivors (0K)
 Metaspace       used 19173K, capacity 19700K, committed 20096K, reserved 1067008K
  class space    used 2096K, capacity 2332K, committed 2432K, reserved 1048576K
}
Event: 1.420 GC heap after
{Heap after GC invocations=1 (full 0):
 garbage-first heap   total 262144K, used 4983K [0x00000006c0000000, 0x00000007c0000000)
  region size 1024K, 3 young (3072K), 3 survivors (3072K)
 Metaspace       used 19173K, capacity 19700K, committed 20096K, reserved 1067008K
  class space    used 2096K, capacity 2332K, committed 2432K, reserved 1048576K
}
Event: 1.551 GC heap before
{Heap before GC invocations=1 (full 0):
 garbage-first heap   total 262144K, used 37751K [0x00000006c0000000, 0x00000007c0000000)
  region size 1024K, 35 young (35840K), 3 survivors (3072K)
 Metaspace       used 19266K, capacity 19764K, committed 20096K, reserved 1067008K
  class space    used 2101K, capacity 2332K, committed 2432K, reserved 1048576K
}
Event: 1.553 GC heap after
{Heap after GC invocations=2 (full 0):
 garbage-first heap   total 262144K, used 5520K [0x00000006c0000000, 0x00000007c0000000)
  region size 1024K, 1 young (1024K), 1 survivors (1024K)
 Metaspace       used 19266K, capacity 19764K, committed 20096K, reserved 1067008K
  class space    used 2101K, capacity 2332K, committed 2432K, reserved 1048576K
}
Event: 3.653 GC heap before
{Heap before GC invocations=2 (full 0):
 garbage-first heap   total 262144K, used 55696K [0x00000006c0000000, 0x00000007c0000000)
  region size 1024K, 50 young (51200K), 1 survivors (1024K)
 Metaspace       used 19614K, capacity 20151K, committed 20352K, reserved 1067008K
  class space    used 2104K, capacity 2333K, committed 2432K, reserved 1048576K
}
Event: 3.653 GC heap after
{Heap after GC invocations=3 (full 0):
 garbage-first heap   total 262144K, used 5281K [0x00000006c0000000, 0x00000007c0000000)
  region size 1024K, 1 young (1024K), 1 survivors (1024K)
 Metaspace       used 19614K, capacity 20151K, committed 20352K, reserved 1067008K
  class space    used 2104K, capacity 2333K, committed 2432K, reserved 1048576K
}

